{"uid":"97e17de5577f5c8c","name":"test_login_bemsucedido","fullName":"tests.test_login#test_login_bemsucedido","historyId":"f7ac102bbb6279eeeefe88f91dcebd43","time":{"start":1741010551571,"stop":1741010559884,"duration":8313},"description":"../features/test_login.feature: Login bem-sucedido","descriptionHtml":"<p>../features/test_login.feature: Login bem-sucedido</p>\n","status":"broken","statusMessage":"NameError: name 'WebDriverWait' is not defined","statusTrace":"fixturefunc = <function inserir_credenciais at 0x0000022951FDCAE0>\nrequest = <FixtureRequest for <Function test_login_bemsucedido>>\nkwargs = {'login_page': <pages.login_page.LoginPage object at 0x0000022951FE2C50>}\n\n    def call_fixture_func(\n        fixturefunc: _FixtureFunc[FixtureValue], request: FixtureRequest, kwargs\n    ) -> FixtureValue:\n        if is_generator(fixturefunc):\n            fixturefunc = cast(\n                Callable[..., Generator[FixtureValue, None, None]], fixturefunc\n            )\n            generator = fixturefunc(**kwargs)\n            try:\n                fixture_result = next(generator)\n            except StopIteration:\n                raise ValueError(f\"{request.fixturename} did not yield a value\") from None\n            finalizer = functools.partial(_teardown_yield_fixture, fixturefunc, generator)\n            request.addfinalizer(finalizer)\n        else:\n            fixturefunc = cast(Callable[..., FixtureValue], fixturefunc)\n>           fixture_result = fixturefunc(**kwargs)\n\nC:\\Users\\isabela.romanini\\AppData\\Local\\Programs\\Python\\Python311\\Lib\\site-packages\\_pytest\\fixtures.py:898: \n_ _ _ _ _ _ _ _ _ _ _ _ _ _ _ _ _ _ _ _ _ _ _ _ _ _ _ _ _ _ _ _ _ _ _ _ _ _ _ _ _ _ _ _ _ _ _ _ \ntests\\test_login.py:33: in inserir_credenciais\n    login_page.login(\"testeisabelaromanini@teste.com\", \"Test@2123\")\n_ _ _ _ _ _ _ _ _ _ _ _ _ _ _ _ _ _ _ _ _ _ _ _ _ _ _ _ _ _ _ _ _ _ _ _ _ _ _ _ _ _ _ _ _ _ _ _ \n\nself = <pages.login_page.LoginPage object at 0x0000022951FE2C50>\nusername = 'testeisabelaromanini@teste.com', password = 'Test@2123'\n\n    def login(self, username, password):\n>       wait = WebDriverWait(self.driver, 10)\nE       NameError: name 'WebDriverWait' is not defined\n\npages\\login_page.py:18: NameError","flaky":false,"newFailed":false,"newBroken":false,"newPassed":false,"retriesCount":10,"retriesStatusChange":false,"beforeStages":[{"name":"driver","time":{"start":1741010551571,"stop":1741010555948,"duration":4377},"status":"passed","steps":[],"attachments":[],"parameters":[],"stepsCount":0,"hasContent":false,"attachmentStep":false,"shouldDisplayMessage":false,"attachmentsCount":0},{"name":"_pytest_bdd_example","time":{"start":1741010551571,"stop":1741010551571,"duration":0},"status":"passed","steps":[],"attachments":[],"parameters":[],"stepsCount":0,"hasContent":false,"attachmentStep":false,"shouldDisplayMessage":false,"attachmentsCount":0},{"name":"login_page","time":{"start":1741010555948,"stop":1741010555948,"duration":0},"status":"passed","steps":[],"attachments":[],"parameters":[],"stepsCount":0,"hasContent":false,"attachmentStep":false,"shouldDisplayMessage":false,"attachmentsCount":0}],"afterStages":[{"name":"driver::0","time":{"start":1741010560116,"stop":1741010560117,"duration":1},"status":"passed","steps":[],"attachments":[],"parameters":[],"stepsCount":0,"hasContent":false,"attachmentStep":false,"shouldDisplayMessage":false,"attachmentsCount":0}],"labels":[{"name":"parentSuite","value":"tests"},{"name":"suite","value":"test_login"},{"name":"host","value":"PWIROMANINI"},{"name":"thread","value":"47840-MainThread"},{"name":"framework","value":"pytest"},{"name":"language","value":"cpython3"},{"name":"package","value":"tests.test_login"},{"name":"resultFormat","value":"allure2"}],"parameters":[],"links":[],"hidden":false,"retry":false,"extra":{"severity":"normal","retries":[{"uid":"220c31914036901f","status":"broken","statusDetails":"selenium.common.exceptions.NoSuchElementException: Message: no such element: Unable to locate element: {\"method\":\"css selector\",\"selector\":\"[id=\"username\"]\"}\n  (Session info: chrome=133.0.6943.60); For documentation on this error, please visit: https://www.selenium.dev/documentation/webdriver/troubleshooting/errors#no-such-element-exception\nStacktrace:\n\tGetHandleVerifier [0x01030B43+25139]\n\t(No symbol) [0x00FC13F4]\n\t(No symbol) [0x00EA04E3]\n\t(No symbol) [0x00EE83D7]\n\t(No symbol) [0x00EE872B]\n\t(No symbol) [0x00F31002]\n\t(No symbol) [0x00F0D014]\n\t(No symbol) [0x00F2E778]\n\t(No symbol) [0x00F0CDC6]\n\t(No symbol) [0x00EDBDE9]\n\t(No symbol) [0x00EDD124]\n\tGetHandleVerifier [0x01334373+3185251]\n\tGetHandleVerifier [0x0135291A+3309578]\n\tGetHandleVerifier [0x0134CF42+3286578]\n\tGetHandleVerifier [0x010C7AE0+643536]\n\t(No symbol) [0x00FCA20D]\n\t(No symbol) [0x00FC70B8]\n\t(No symbol) [0x00FC7257]\n\t(No symbol) [0x00FB9E00]\n\tBaseThreadInitThunk [0x75995D49+25]\n\tRtlInitializeExceptionChain [0x7710CEBB+107]\n\tRtlGetAppContainerNamedObjectPath [0x7710CE41+561]","time":{"start":1741010273996,"stop":1741010278298,"duration":4302}},{"uid":"4d79d260bf1a0bc8","status":"broken","statusDetails":"AttributeError: 'NoneType' object has no attribute 'find_element'","time":{"start":1741010240581,"stop":1741010244919,"duration":4338}},{"uid":"8427379abc62d8e0","status":"broken","statusDetails":"AttributeError: 'NoneType' object has no attribute 'find_element'","time":{"start":1741010046091,"stop":1741010050340,"duration":4249}},{"uid":"125a0ece05c1ba07","status":"broken","statusDetails":"selenium.common.exceptions.NoSuchElementException: Message: no such element: Unable to locate element: {\"method\":\"css selector\",\"selector\":\"[id=\"username\"]\"}\n  (Session info: chrome=133.0.6943.60); For documentation on this error, please visit: https://www.selenium.dev/documentation/webdriver/troubleshooting/errors#no-such-element-exception\nStacktrace:\n\tGetHandleVerifier [0x01030B43+25139]\n\t(No symbol) [0x00FC13F4]\n\t(No symbol) [0x00EA04E3]\n\t(No symbol) [0x00EE83D7]\n\t(No symbol) [0x00EE872B]\n\t(No symbol) [0x00F31002]\n\t(No symbol) [0x00F0D014]\n\t(No symbol) [0x00F2E778]\n\t(No symbol) [0x00F0CDC6]\n\t(No symbol) [0x00EDBDE9]\n\t(No symbol) [0x00EDD124]\n\tGetHandleVerifier [0x01334373+3185251]\n\tGetHandleVerifier [0x0135291A+3309578]\n\tGetHandleVerifier [0x0134CF42+3286578]\n\tGetHandleVerifier [0x010C7AE0+643536]\n\t(No symbol) [0x00FCA20D]\n\t(No symbol) [0x00FC70B8]\n\t(No symbol) [0x00FC7257]\n\t(No symbol) [0x00FB9E00]\n\tBaseThreadInitThunk [0x75995D49+25]\n\tRtlInitializeExceptionChain [0x7710CEBB+107]\n\tRtlGetAppContainerNamedObjectPath [0x7710CE41+561]","time":{"start":1741010000827,"stop":1741010005279,"duration":4452}},{"uid":"368b45bfcf0ae400","status":"broken","statusDetails":"selenium.common.exceptions.NoSuchElementException: Message: no such element: Unable to locate element: {\"method\":\"css selector\",\"selector\":\"[id=\"username\"]\"}\n  (Session info: chrome=133.0.6943.60); For documentation on this error, please visit: https://www.selenium.dev/documentation/webdriver/troubleshooting/errors#no-such-element-exception\nStacktrace:\n\tGetHandleVerifier [0x01030B43+25139]\n\t(No symbol) [0x00FC13F4]\n\t(No symbol) [0x00EA04E3]\n\t(No symbol) [0x00EE83D7]\n\t(No symbol) [0x00EE872B]\n\t(No symbol) [0x00F31002]\n\t(No symbol) [0x00F0D014]\n\t(No symbol) [0x00F2E778]\n\t(No symbol) [0x00F0CDC6]\n\t(No symbol) [0x00EDBDE9]\n\t(No symbol) [0x00EDD124]\n\tGetHandleVerifier [0x01334373+3185251]\n\tGetHandleVerifier [0x0135291A+3309578]\n\tGetHandleVerifier [0x0134CF42+3286578]\n\tGetHandleVerifier [0x010C7AE0+643536]\n\t(No symbol) [0x00FCA20D]\n\t(No symbol) [0x00FC70B8]\n\t(No symbol) [0x00FC7257]\n\t(No symbol) [0x00FB9E00]\n\tBaseThreadInitThunk [0x75995D49+25]\n\tRtlInitializeExceptionChain [0x7710CEBB+107]\n\tRtlGetAppContainerNamedObjectPath [0x7710CE41+561]","time":{"start":1741009918491,"stop":1741009922960,"duration":4469}},{"uid":"8ea17b92edceb991","status":"broken","statusDetails":"selenium.common.exceptions.NoSuchElementException: Message: no such element: Unable to locate element: {\"method\":\"css selector\",\"selector\":\"[id=\"username\"]\"}\n  (Session info: chrome=133.0.6943.60); For documentation on this error, please visit: https://www.selenium.dev/documentation/webdriver/troubleshooting/errors#no-such-element-exception\nStacktrace:\n\tGetHandleVerifier [0x01030B43+25139]\n\t(No symbol) [0x00FC13F4]\n\t(No symbol) [0x00EA04E3]\n\t(No symbol) [0x00EE83D7]\n\t(No symbol) [0x00EE872B]\n\t(No symbol) [0x00F31002]\n\t(No symbol) [0x00F0D014]\n\t(No symbol) [0x00F2E778]\n\t(No symbol) [0x00F0CDC6]\n\t(No symbol) [0x00EDBDE9]\n\t(No symbol) [0x00EDD124]\n\tGetHandleVerifier [0x01334373+3185251]\n\tGetHandleVerifier [0x0135291A+3309578]\n\tGetHandleVerifier [0x0134CF42+3286578]\n\tGetHandleVerifier [0x010C7AE0+643536]\n\t(No symbol) [0x00FCA20D]\n\t(No symbol) [0x00FC70B8]\n\t(No symbol) [0x00FC7257]\n\t(No symbol) [0x00FB9E00]\n\tBaseThreadInitThunk [0x75995D49+25]\n\tRtlInitializeExceptionChain [0x7710CEBB+107]\n\tRtlGetAppContainerNamedObjectPath [0x7710CE41+561]","time":{"start":1741009709860,"stop":1741009714276,"duration":4416}},{"uid":"a3a1905858f38434","status":"broken","statusDetails":"selenium.common.exceptions.NoSuchElementException: Message: no such element: Unable to locate element: {\"method\":\"css selector\",\"selector\":\"[id=\"username\"]\"}\n  (Session info: chrome=133.0.6943.60); For documentation on this error, please visit: https://www.selenium.dev/documentation/webdriver/troubleshooting/errors#no-such-element-exception\nStacktrace:\n\tGetHandleVerifier [0x01030B43+25139]\n\t(No symbol) [0x00FC13F4]\n\t(No symbol) [0x00EA04E3]\n\t(No symbol) [0x00EE83D7]\n\t(No symbol) [0x00EE872B]\n\t(No symbol) [0x00F31002]\n\t(No symbol) [0x00F0D014]\n\t(No symbol) [0x00F2E778]\n\t(No symbol) [0x00F0CDC6]\n\t(No symbol) [0x00EDBDE9]\n\t(No symbol) [0x00EDD124]\n\tGetHandleVerifier [0x01334373+3185251]\n\tGetHandleVerifier [0x0135291A+3309578]\n\tGetHandleVerifier [0x0134CF42+3286578]\n\tGetHandleVerifier [0x010C7AE0+643536]\n\t(No symbol) [0x00FCA20D]\n\t(No symbol) [0x00FC70B8]\n\t(No symbol) [0x00FC7257]\n\t(No symbol) [0x00FB9E00]\n\tBaseThreadInitThunk [0x75995D49+25]\n\tRtlInitializeExceptionChain [0x7710CEBB+107]\n\tRtlGetAppContainerNamedObjectPath [0x7710CE41+561]","time":{"start":1741009626318,"stop":1741009631097,"duration":4779}},{"uid":"f44081bae88e8e85","status":"broken","statusDetails":"NameError: name 'login_page' is not defined","time":{"start":1741009478190,"stop":1741009478190,"duration":0}},{"uid":"f643ba8e42002708","status":"broken","statusDetails":"pytest_bdd.exceptions.StepDefinitionNotFoundError: Step definition is not found: When \"eu insiro um email válido \"testeisabelaromanini@teste.com\" e a senha \"Test@2123\"\". Line 4 in scenario \"Login bem-sucedido\" in the feature \"C:\\projetoTCC\\features\\test_login.feature\"","time":{"start":1741009257977,"stop":1741009257977,"duration":0}},{"uid":"256c39b3207624fb","status":"broken","statusDetails":"pytest_bdd.exceptions.StepDefinitionNotFoundError: Step definition is not found: When \"eu insiro um email válido \"testeisabelaromanini@teste.com\" e a senha \"Test@2123\"\". Line 4 in scenario \"Login bem-sucedido\" in the feature \"C:\\projetoTCC\\features\\test_login.feature\"","time":{"start":1741009181169,"stop":1741009181169,"duration":0}}],"categories":[{"name":"Test defects","matchedStatuses":[],"flaky":false}],"tags":[]},"source":"97e17de5577f5c8c.json","parameterValues":[]}