{
    "failed_tests": [
        {
            "code": "pytest_output",
            "error": "FF                                                                       [100%]\n================================== FAILURES ===================================\n___________________________ test_login_bemsucedido ____________________________\nC:\\Users\\isabela.romanini\\AppData\\Local\\Programs\\Python\\Python311\\Lib\\site-packages\\_pytest\\fixtures.py:898: in call_fixture_func\n    fixture_result = fixturefunc(**kwargs)\ntests\\test_login.py:44: in inserir_credenciais\n    login_page.login(\"testeisabelaromanini@teste.com\", \"Test@2123\")\npages\\login_page.py:23: in login\n    self.driver.find_element(*self.username_input).send_keys(username)\nC:\\Users\\isabela.romanini\\AppData\\Local\\Programs\\Python\\Python311\\Lib\\site-packages\\selenium\\webdriver\\remote\\webdriver.py:888: in find_element\n    return self.execute(Command.FIND_ELEMENT, {\"using\": by, \"value\": value})[\"value\"]\nC:\\Users\\isabela.romanini\\AppData\\Local\\Programs\\Python\\Python311\\Lib\\site-packages\\selenium\\webdriver\\remote\\webdriver.py:429: in execute\n    self.error_handler.check_response(response)\nC:\\Users\\isabela.romanini\\AppData\\Local\\Programs\\Python\\Python311\\Lib\\site-packages\\selenium\\webdriver\\remote\\errorhandler.py:232: in check_response\n    raise exception_class(message, screen, stacktrace)\nE   selenium.common.exceptions.NoSuchElementException: Message: no such element: Unable to locate element: {\"method\":\"css selector\",\"selector\":\"[id=\"username\"]\"}\nE     (Session info: chrome=134.0.6998.118); For documentation on this error, please visit: https://www.selenium.dev/documentation/webdriver/troubleshooting/errors#no-such-element-exception\nE   Stacktrace:\nE   \tGetHandleVerifier [0x010EC7F3+24435]\nE   \t(No symbol) [0x01072074]\nE   \t(No symbol) [0x00F406E3]\nE   \t(No symbol) [0x00F88B39]\nE   \t(No symbol) [0x00F88E8B]\nE   \t(No symbol) [0x00FD1AC2]\nE   \t(No symbol) [0x00FAD804]\nE   \t(No symbol) [0x00FCF20A]\nE   \t(No symbol) [0x00FAD5B6]\nE   \t(No symbol) [0x00F7C54F]\nE   \t(No symbol) [0x00F7D894]\nE   \tGetHandleVerifier [0x013F70A3+3213347]\nE   \tGetHandleVerifier [0x0140B0C9+3295305]\nE   \tGetHandleVerifier [0x0140558C+3271948]\nE   \tGetHandleVerifier [0x01187360+658144]\nE   \t(No symbol) [0x0107B27D]\nE   \t(No symbol) [0x01078208]\nE   \t(No symbol) [0x010783A9]\nE   \t(No symbol) [0x0106AAC0]\nE   \tBaseThreadInitThunk [0x758F5D49+25]\nE   \tRtlInitializeExceptionChain [0x76F8CEBB+107]\nE   \tRtlGetAppContainerNamedObjectPath [0x76F8CE41+561]\n__________________________ test_login_email_invalido __________________________\nC:\\Users\\isabela.romanini\\AppData\\Local\\Programs\\Python\\Python311\\Lib\\site-packages\\_pytest\\fixtures.py:898: in call_fixture_func\n    fixture_result = fixturefunc(**kwargs)\ntests\\test_login.py:57: in inserir_credenciais\n    login_page.login(\"blablabla@teste.com\", \"Test@2123\")\npages\\login_page.py:23: in login\n    self.driver.find_element(*self.username_input).send_keys(username)\nC:\\Users\\isabela.romanini\\AppData\\Local\\Programs\\Python\\Python311\\Lib\\site-packages\\selenium\\webdriver\\remote\\webdriver.py:888: in find_element\n    return self.execute(Command.FIND_ELEMENT, {\"using\": by, \"value\": value})[\"value\"]\nC:\\Users\\isabela.romanini\\AppData\\Local\\Programs\\Python\\Python311\\Lib\\site-packages\\selenium\\webdriver\\remote\\webdriver.py:429: in execute\n    self.error_handler.check_response(response)\nC:\\Users\\isabela.romanini\\AppData\\Local\\Programs\\Python\\Python311\\Lib\\site-packages\\selenium\\webdriver\\remote\\errorhandler.py:232: in check_response\n    raise exception_class(message, screen, stacktrace)\nE   selenium.common.exceptions.NoSuchElementException: Message: no such element: Unable to locate element: {\"method\":\"css selector\",\"selector\":\"[id=\"username\"]\"}\nE     (Session info: chrome=134.0.6998.118); For documentation on this error, please visit: https://www.selenium.dev/documentation/webdriver/troubleshooting/errors#no-such-element-exception\nE   Stacktrace:\nE   \tGetHandleVerifier [0x010EC7F3+24435]\nE   \t(No symbol) [0x01072074]\nE   \t(No symbol) [0x00F406E3]\nE   \t(No symbol) [0x00F88B39]\nE   \t(No symbol) [0x00F88E8B]\nE   \t(No symbol) [0x00FD1AC2]\nE   \t(No symbol) [0x00FAD804]\nE   \t(No symbol) [0x00FCF20A]\nE   \t(No symbol) [0x00FAD5B6]\nE   \t(No symbol) [0x00F7C54F]\nE   \t(No symbol) [0x00F7D894]\nE   \tGetHandleVerifier [0x013F70A3+3213347]\nE   \tGetHandleVerifier [0x0140B0C9+3295305]\nE   \tGetHandleVerifier [0x0140558C+3271948]\nE   \tGetHandleVerifier [0x01187360+658144]\nE   \t(No symbol) [0x0107B27D]\nE   \t(No symbol) [0x01078208]\nE   \t(No symbol) [0x010783A9]\nE   \t(No symbol) [0x0106AAC0]\nE   \tBaseThreadInitThunk [0x758F5D49+25]\nE   \tRtlInitializeExceptionChain [0x76F8CEBB+107]\nE   \tRtlGetAppContainerNamedObjectPath [0x76F8CE41+561]\n=========================== short test summary info ===========================\nFAILED tests/test_login.py::test_login_bemsucedido - selenium.common.exceptio...\nFAILED tests/test_login.py::test_login_email_invalido - selenium.common.excep...\n2 failed in 14.72s"
        }
    ],
    "corrections": [
        {
            "original_code": "pytest_output",
            "error": "FF                                                                       [100%]\n================================== FAILURES ===================================\n___________________________ test_login_bemsucedido ____________________________\nC:\\Users\\isabela.romanini\\AppData\\Local\\Programs\\Python\\Python311\\Lib\\site-packages\\_pytest\\fixtures.py:898: in call_fixture_func\n    fixture_result = fixturefunc(**kwargs)\ntests\\test_login.py:44: in inserir_credenciais\n    login_page.login(\"testeisabelaromanini@teste.com\", \"Test@2123\")\npages\\login_page.py:23: in login\n    self.driver.find_element(*self.username_input).send_keys(username)\nC:\\Users\\isabela.romanini\\AppData\\Local\\Programs\\Python\\Python311\\Lib\\site-packages\\selenium\\webdriver\\remote\\webdriver.py:888: in find_element\n    return self.execute(Command.FIND_ELEMENT, {\"using\": by, \"value\": value})[\"value\"]\nC:\\Users\\isabela.romanini\\AppData\\Local\\Programs\\Python\\Python311\\Lib\\site-packages\\selenium\\webdriver\\remote\\webdriver.py:429: in execute\n    self.error_handler.check_response(response)\nC:\\Users\\isabela.romanini\\AppData\\Local\\Programs\\Python\\Python311\\Lib\\site-packages\\selenium\\webdriver\\remote\\errorhandler.py:232: in check_response\n    raise exception_class(message, screen, stacktrace)\nE   selenium.common.exceptions.NoSuchElementException: Message: no such element: Unable to locate element: {\"method\":\"css selector\",\"selector\":\"[id=\"username\"]\"}\nE     (Session info: chrome=134.0.6998.118); For documentation on this error, please visit: https://www.selenium.dev/documentation/webdriver/troubleshooting/errors#no-such-element-exception\nE   Stacktrace:\nE   \tGetHandleVerifier [0x010EC7F3+24435]\nE   \t(No symbol) [0x01072074]\nE   \t(No symbol) [0x00F406E3]\nE   \t(No symbol) [0x00F88B39]\nE   \t(No symbol) [0x00F88E8B]\nE   \t(No symbol) [0x00FD1AC2]\nE   \t(No symbol) [0x00FAD804]\nE   \t(No symbol) [0x00FCF20A]\nE   \t(No symbol) [0x00FAD5B6]\nE   \t(No symbol) [0x00F7C54F]\nE   \t(No symbol) [0x00F7D894]\nE   \tGetHandleVerifier [0x013F70A3+3213347]\nE   \tGetHandleVerifier [0x0140B0C9+3295305]\nE   \tGetHandleVerifier [0x0140558C+3271948]\nE   \tGetHandleVerifier [0x01187360+658144]\nE   \t(No symbol) [0x0107B27D]\nE   \t(No symbol) [0x01078208]\nE   \t(No symbol) [0x010783A9]\nE   \t(No symbol) [0x0106AAC0]\nE   \tBaseThreadInitThunk [0x758F5D49+25]\nE   \tRtlInitializeExceptionChain [0x76F8CEBB+107]\nE   \tRtlGetAppContainerNamedObjectPath [0x76F8CE41+561]\n__________________________ test_login_email_invalido __________________________\nC:\\Users\\isabela.romanini\\AppData\\Local\\Programs\\Python\\Python311\\Lib\\site-packages\\_pytest\\fixtures.py:898: in call_fixture_func\n    fixture_result = fixturefunc(**kwargs)\ntests\\test_login.py:57: in inserir_credenciais\n    login_page.login(\"blablabla@teste.com\", \"Test@2123\")\npages\\login_page.py:23: in login\n    self.driver.find_element(*self.username_input).send_keys(username)\nC:\\Users\\isabela.romanini\\AppData\\Local\\Programs\\Python\\Python311\\Lib\\site-packages\\selenium\\webdriver\\remote\\webdriver.py:888: in find_element\n    return self.execute(Command.FIND_ELEMENT, {\"using\": by, \"value\": value})[\"value\"]\nC:\\Users\\isabela.romanini\\AppData\\Local\\Programs\\Python\\Python311\\Lib\\site-packages\\selenium\\webdriver\\remote\\webdriver.py:429: in execute\n    self.error_handler.check_response(response)\nC:\\Users\\isabela.romanini\\AppData\\Local\\Programs\\Python\\Python311\\Lib\\site-packages\\selenium\\webdriver\\remote\\errorhandler.py:232: in check_response\n    raise exception_class(message, screen, stacktrace)\nE   selenium.common.exceptions.NoSuchElementException: Message: no such element: Unable to locate element: {\"method\":\"css selector\",\"selector\":\"[id=\"username\"]\"}\nE     (Session info: chrome=134.0.6998.118); For documentation on this error, please visit: https://www.selenium.dev/documentation/webdriver/troubleshooting/errors#no-such-element-exception\nE   Stacktrace:\nE   \tGetHandleVerifier [0x010EC7F3+24435]\nE   \t(No symbol) [0x01072074]\nE   \t(No symbol) [0x00F406E3]\nE   \t(No symbol) [0x00F88B39]\nE   \t(No symbol) [0x00F88E8B]\nE   \t(No symbol) [0x00FD1AC2]\nE   \t(No symbol) [0x00FAD804]\nE   \t(No symbol) [0x00FCF20A]\nE   \t(No symbol) [0x00FAD5B6]\nE   \t(No symbol) [0x00F7C54F]\nE   \t(No symbol) [0x00F7D894]\nE   \tGetHandleVerifier [0x013F70A3+3213347]\nE   \tGetHandleVerifier [0x0140B0C9+3295305]\nE   \tGetHandleVerifier [0x0140558C+3271948]\nE   \tGetHandleVerifier [0x01187360+658144]\nE   \t(No symbol) [0x0107B27D]\nE   \t(No symbol) [0x01078208]\nE   \t(No symbol) [0x010783A9]\nE   \t(No symbol) [0x0106AAC0]\nE   \tBaseThreadInitThunk [0x758F5D49+25]\nE   \tRtlInitializeExceptionChain [0x76F8CEBB+107]\nE   \tRtlGetAppContainerNamedObjectPath [0x76F8CE41+561]\n=========================== short test summary info ===========================\nFAILED tests/test_login.py::test_login_bemsucedido - selenium.common.exceptio...\nFAILED tests/test_login.py::test_login_email_invalido - selenium.common.excep...\n2 failed in 14.72s",
            "fixed_code": "**Código Corrigido (Exemplo -  `pages/login_page.py`):**\n\n```python\nfrom selenium.webdriver.common.by import By\nfrom selenium.webdriver.support.ui import WebDriverWait\nfrom selenium.webdriver.support import expected_conditions as EC\n\nclass LoginPage:\n\n    def __init__(self, driver):\n        self.driver = driver\n        self.username_input = (By.ID, \"username\") # Certifique-se que o ID está correto\n        self.password_input = (By.ID, \"password\") # Certifique-se que o ID está correto\n        self.login_button = (By.ID, \"login-button\") # Certifique-se que o ID está correto\n\n\n    def login(self, username, password):\n        # Espera explícita para o campo de usuário ficar visível\n        wait = WebDriverWait(self.driver, 10) # Tempo de espera de 10 segundos\n        username_field = wait.until(EC.visibility_of_element_located(self.username_input))\n        username_field.send_keys(username)\n        \n        # Espera explícita para o campo de senha ficar visível (boa prática, mesmo que não seja estritamente necessário neste exemplo)\n        password_field = wait.until(EC.visibility_of_element_located(self.password_input))\n        password_field.send_keys(password)\n\n\n        self.driver.find_element(*self.login_button).click()\n```\n\n\n**Explicação das Correções:**\n\nO erro `NoSuchElementException` indica que o Selenium não conseguiu encontrar o elemento na página.  A mensagem de erro  `\"method\":\"css selector\",\"selector\":\"[id=\"username\"]\"` mostra que o Selenium estava procurando por um elemento com  `id=\"username\"`. Isso sugere um dos seguintes problemas:\n\n1. **Localizador Incorreto:** O ID do elemento pode estar incorreto na sua classe `LoginPage`. Verifique o HTML da página de login para se certificar de que `id=\"username\"` é o ID correto para o campo de nome de usuário.  Ajuste  `self.username_input`, `self.password_input`, e  `self.login_button`  de acordo. É  **crucial** garantir que os localizadores estejam corretos.\n\n2. **Tempo de Carregamento:** O elemento pode não estar presente na página quando o Selenium tenta interagir com ele. Isso geralmente ocorre devido ao tempo de carregamento da página.  A solução é implementar uma **espera explícita** usando `WebDriverWait`.  A espera explícita faz com que o Selenium aguarde até que uma determinada condição seja atendida antes de prosseguir.\n\n\nA correção adiciona um  `WebDriverWait` com  `EC.visibility_of_element_located`.  Isso instrui o Selenium a aguardar até 10 segundos para que o elemento com o ID \"username\" se torne visível na página.  Se o elemento não for encontrado dentro desse período, o teste falhará.  A mesma lógica foi aplicada ao campo de senha, como boa prática, garantindo que ambos os elementos estejam presentes e visíveis antes da interação.\n\n**Pontos Importantes:**\n\n* **Verifique os Localizadores:**  A causa mais comum de `NoSuchElementException` são localizadores incorretos. Certifique-se de que os localizadores em seu código correspondam ao HTML da página. Use as ferramentas de desenvolvedor do seu navegador para inspecionar o HTML e obter os localizadores corretos.\n\n* **Espere Explícitas vs. Implícitas:**  Embora as esperas implícitas possam parecer mais simples, as esperas explícitas são geralmente recomendadas, pois são mais direcionadas e eficientes. Elas esperam por condições específicas em elementos específicos, enquanto as esperas implícitas aguardam por todos os elementos na página, o que pode levar a tempos de espera desnecessários.\n\n\nAo implementar as correções acima e verificando cuidadosamente os localizadores, o seu teste deve funcionar corretamente.  Se o erro persistir, forneça o HTML da página de login e o código completo do seu teste (incluindo os imports e o código dos testes) para que eu possa te ajudar a encontrar a solução.\n"
        }
    ],
    "new_tests": [
        {
            "description": "Verificar se o login retorna erro email invalido.",
            "test_code": "```python\n# features/login.feature\nFeature: Login\n\n  Como um usuário do sistema\n  Eu quero realizar login\n  Para que eu possa acessar as funcionalidades restritas\n\n  @login_invalido\n  Scenario: Login com email inválido\n    Given que eu acesso a página de login\n    When eu insiro um email inválido \"teste\" no campo \"email\"\n    And eu insiro a senha \"senha123\" no campo \"senha\"\n    And eu clico no botão \"Entrar\"\n    Then eu devo ver a mensagem de erro \"Email inválido\"\n\n\n# pages/login_page.py\nfrom selenium.webdriver.common.by import By\nfrom selenium.webdriver.support.ui import WebDriverWait\nfrom selenium.webdriver.support import expected_conditions as EC\n\nclass LoginPage:\n    def __init__(self, driver):\n        self.driver = driver\n        self.email_field = (By.ID, \"email\")\n        self.password_field = (By.ID, \"senha\")\n        self.login_button = (By.ID, \"entrar\")\n        self.error_message = (By.ID, \"mensagem_erro\")\n\n    def acessar_pagina(self, url):\n        self.driver.get(url)\n\n    def inserir_email(self, email):\n        WebDriverWait(self.driver, 10).until(EC.presence_of_element_located(self.email_field)).send_keys(email)\n\n    def inserir_senha(self, senha):\n        WebDriverWait(self.driver, 10).until(EC.presence_of_element_located(self.password_field)).send_keys(senha)\n\n    def clicar_botao_entrar(self):\n        WebDriverWait(self.driver, 10).until(EC.element_to_be_clickable(self.login_button)).click()\n\n    def obter_mensagem_erro(self):\n        return WebDriverWait(self.driver, 10).until(EC.visibility_of_element_located(self.error_message)).text\n\n\n# tests/test_login.py\nimport pytest\nfrom selenium import webdriver\nfrom pages.login_page import LoginPage\nimport allure\n\n@allure.feature('Login')\n@allure.story('Login com email inválido')\n@allure.severity(allure.severity_level.NORMAL) # Classificação da severidade\n@pytest.mark.login_invalido\ndef test_login_invalido(driver):  # Fixture driver injetado pelo pytest\n    login_page = LoginPage(driver)\n    url = \"https://www.exemplo.com/login\" # Substituir pela URL real\n\n    login_page.acessar_pagina(url)\n    login_page.inserir_email(\"teste\")\n    login_page.inserir_senha(\"senha123\")\n    login_page.clicar_botao_entrar()\n    mensagem_erro = login_page.obter_mensagem_erro()\n    assert mensagem_erro == \"Email inválido\"\n\n\n# conftest.py (Configuração do Pytest)\nimport pytest\nfrom selenium import webdriver\n\n@pytest.fixture(scope=\"function\")\ndef driver():\n    driver = webdriver.Chrome() # Ou outro navegador de sua preferência\n    driver.maximize_window()\n    yield driver\n    driver.quit()\n```\n\n**Explicação e Melhorias:**\n\n1. **Estrutura do Projeto:** O código segue a estrutura de pastas especificada, separando responsabilidades e facilitando a manutenção.\n\n2. **Gherkin:** O cenário de teste está escrito em Gherkin, tornando-o mais legível e fácil de entender para todos os envolvidos no projeto.\n\n3. **Page Object Model (POM):** O uso do POM torna o código mais organizado, reutilizável e facilita a manutenção.  A classe `LoginPage` encapsula a lógica de interação com a página de login.\n\n4. **WebDriverWait:** O `WebDriverWait` com `expected_conditions` garante que o script aguarde até que o elemento esteja presente e interativo antes de tentar interagir com ele, tornando os testes mais robustos.\n\n5. **Allure:** O uso de `allure.feature`, `allure.story` e `allure.severity` ajuda a organizar e categorizar os resultados dos testes no relatório Allure, facilitando a análise.\n\n6. **Fixture:** A fixture `driver` no `conftest.py` fornece uma instância do WebDriver para cada teste, garantindo um ambiente limpo para cada execução.\n\n7. **Boas Práticas:** O código segue boas práticas de testes automatizados, como nomes descritivos, modularidade e encapsulamento.\n\n8. **Melhorias Possíveis:**\n    - **Parametrização:**  Utilize parametrização para testar diferentes cenários de login inválido (e-mail vazio, formato incorreto, etc.) com o mesmo teste, evitando código duplicado.\n    - **Configuração Centralizada:** Armazene informações sensíveis, como URLs e credenciais, em arquivos de configuração externos para facilitar a manutenção e segurança.\n    - **Integração Contínua:** Integre os testes com uma ferramenta de CI/CD para execução automática a cada commit.\n    - **Testes de Segurança:** Adicione testes específicos para verificar vulnerabilidades de segurança, como injeção de SQL.\n    - **Testes de Performance:**  Utilize ferramentas como Selenium Grid para simular múltiplos usuários e medir o desempenho da aplicação sob carga.\n\n\nEste exemplo demonstra um teste para o cenário de email inválido.  Para cobrir os demais cenários (caminhos felizes, alternativos, negativos, segurança e performance), você precisará criar mais cenários no arquivo `.feature` e implementar os steps correspondentes nos arquivos de teste.  Lembre-se de utilizar a parametrização para evitar duplicação de código e tornar seus testes mais eficientes.\n"
        }
    ]
}